<?xml version="1.0" encoding="UTF-8"?>
<testsuite name="BasicsTest" tests="1" skipped="0" failures="0" errors="0" timestamp="2022-10-09T22:09:44" hostname="LAPTOP-H4TVBRR6" time="0.014">
  <properties/>
  <testcase name="testTask4" classname="BasicsTest" time="0.014"/>
  <system-out><![CDATA[]]></system-out>
  <system-err><![CDATA[]]></system-err>
</testsuite>
